#
# A fatal error has been detected by the Java Runtime Environment:
#
#  Internal Error (constantPoolOop.cpp:91), pid=2324, tid=3324
#  guarantee(error != (Symbol*)NULL) failed: tag mismatch with resolution error table
#
# JRE version: Java(TM) SE Runtime Environment (7.0_45-b18) (build 1.7.0_45-b18)
# Java VM: Java HotSpot(TM) 64-Bit Server VM (24.45-b08 mixed mode windows-amd64 compressed oops)
# Failed to write core dump. Minidumps are not enabled by default on client versions of Windows
#
# If you would like to submit a bug report, please visit:
#   http://bugreport.sun.com/bugreport/crash.jsp
#

---------------  T H R E A D  ---------------

Current thread (0x000000000218f000):  JavaThread "main" [_thread_in_vm, id=3324, stack(0x0000000002240000,0x0000000002340000)]

Stack: [0x0000000002240000,0x0000000002340000]
Java frames: (J=compiled Java code, j=interpreted, Vv=VM code)
j  com.dariosimonetti.dissertation.agent.TimedClassTransformer.transform(Ljava/lang/ClassLoader;Ljava/lang/String;Ljava/lang/Class;Ljava/security/ProtectionDomain;[B)[B+3
j  sun.instrument.TransformerManager.transform(Ljava/lang/ClassLoader;Ljava/lang/String;Ljava/lang/Class;Ljava/security/ProtectionDomain;[B)[B+50
j  sun.instrument.InstrumentationImpl.transform(Ljava/lang/ClassLoader;Ljava/lang/String;Ljava/lang/Class;Ljava/security/ProtectionDomain;[BZ)[B+34
v  ~StubRoutines::call_stub
j  org.netbeans.lib.profiler.server.system.Classes.doRedefineClasses([Ljava/lang/Class;[[B)I+0
j  org.netbeans.lib.profiler.server.system.Classes.redefineClasses([Ljava/lang/Class;[[B)V+127
j  org.netbeans.lib.profiler.server.ProfilerInterface.redefineClasses([Ljava/lang/Class;[[B)V+97
j  org.netbeans.lib.profiler.server.ProfilerInterface.instrumentMethodGroupNow(Lorg/netbeans/lib/profiler/wireprotocol/InstrumentMethodGroupData;)V+282
j  org.netbeans.lib.profiler.server.ProfilerInterface.getAndInstrumentClasses(Z)Z+131
j  org.netbeans.lib.profiler.server.ProfilerInterface.firstTimeMethodInvokeHook(C)V+51
j  org.netbeans.lib.profiler.server.ProfilerInterface.access$1300(C)V+1
j  org.netbeans.lib.profiler.server.ProfilerInterface$1.handleFirstTimeMethodInvoke(C)V+1
j  org.netbeans.lib.profiler.server.ProfilerRuntimeCPU.firstTimeMethodInvoke(Lorg/netbeans/lib/profiler/server/ThreadInfo;C)V+29
J  org.netbeans.lib.profiler.server.ProfilerRuntimeCPUFullInstr.rootMethodEntry(C)V
j  com.dariosimonetti.dissertation.agent.test.Cubic.quick(I)V+3
j  com.dariosimonetti.dissertation.agent.test.Executor3.execute(I)V+13
j  com.dariosimonetti.dissertation.agent.test.Executor2.execute(I)V+30
J  com.dariosimonetti.dissertation.agent.test.Executor1.execute(I)V
j  com.dariosimonetti.dissertation.agent.test.Main.doTask(I)V+26
j  com.dariosimonetti.dissertation.agent.test.Main.main([Ljava/lang/String;)V+25
v  ~StubRoutines::call_stub

---------------  P R O C E S S  ---------------

Java Threads: ( => current thread )
  0x000000000a994000 JavaThread "*** Profiler Agent Special Execution Thread 6" daemon [_thread_blocked, id=6680, stack(0x000000000cce0000,0x000000000cde0000)]
  0x000000000aed2000 JavaThread "*** JFluid Monitor thread ***" daemon [_thread_blocked, id=4404, stack(0x000000000c4e0000,0x000000000c5e0000)]
  0x000000000ad2c000 JavaThread "*** Profiler Agent Communication Thread" daemon [_thread_in_native, id=5640, stack(0x000000000caf0000,0x000000000cbf0000)]
  0x000000000b8cc800 JavaThread "JMX server connection timeout 13" daemon [_thread_blocked, id=808, stack(0x000000000c660000,0x000000000c760000)]
  0x000000000a99c000 JavaThread "RMI Scheduler(0)" daemon [_thread_blocked, id=6832, stack(0x000000000c3b0000,0x000000000c4b0000)]
  0x000000000b4e3800 JavaThread "RMI TCP Connection(1)-192.168.0.6" daemon [_thread_in_native, id=6984, stack(0x000000000a720000,0x000000000a820000)]
  0x0000000009dad800 JavaThread "RMI TCP Accept-0" daemon [_thread_in_native, id=1580, stack(0x000000000b240000,0x000000000b340000)]
  0x0000000009a79000 JavaThread "Service Thread" daemon [_thread_blocked, id=3636, stack(0x000000000a840000,0x000000000a940000)]
  0x0000000009aad800 JavaThread "C2 CompilerThread1" daemon [_thread_blocked, id=6612, stack(0x000000000a4c0000,0x000000000a5c0000)]
  0x0000000009a67800 JavaThread "C2 CompilerThread0" daemon [_thread_blocked, id=5248, stack(0x000000000a600000,0x000000000a700000)]
  0x000000000826e000 JavaThread "Attach Listener" daemon [_thread_blocked, id=1820, stack(0x00000000098b0000,0x00000000099b0000)]
  0x0000000008267000 JavaThread "Signal Dispatcher" daemon [_thread_blocked, id=3444, stack(0x00000000096d0000,0x00000000097d0000)]
  0x0000000008214000 JavaThread "Finalizer" daemon [_thread_blocked, id=4052, stack(0x00000000094d0000,0x00000000095d0000)]
  0x000000000820d000 JavaThread "Reference Handler" daemon [_thread_blocked, id=5664, stack(0x00000000093b0000,0x00000000094b0000)]
=>0x000000000218f000 JavaThread "main" [_thread_in_vm, id=3324, stack(0x0000000002240000,0x0000000002340000)]

Other Threads:
  0x0000000008207800 VMThread [stack: 0x00000000092a0000,0x00000000093a0000] [id=3140]
  0x00000000099f2800 WatcherThread [stack: 0x000000000a090000,0x000000000a190000] [id=3492]

VM state:not at safepoint (normal execution)

VM Mutex/Monitor currently owned by a thread: None

Heap
 PSYoungGen      total 34304K, used 21180K [0x00000000ebb00000, 0x00000000f0d00000, 0x0000000100000000)
  eden space 31744K, 58% used [0x00000000ebb00000,0x00000000ecd35300,0x00000000eda00000)
  from space 2560K, 99% used [0x00000000eda00000,0x00000000edc79dd8,0x00000000edc80000)
  to   space 10240K, 0% used [0x00000000f0300000,0x00000000f0300000,0x00000000f0d00000)
 ParOldGen       total 41472K, used 18375K [0x00000000c3200000, 0x00000000c5a80000, 0x00000000ebb00000)
  object space 41472K, 44% used [0x00000000c3200000,0x00000000c43f1e58,0x00000000c5a80000)
 PSPermGen       total 21504K, used 13500K [0x00000000be000000, 0x00000000bf500000, 0x00000000c3200000)
  object space 21504K, 62% used [0x00000000be000000,0x00000000bed2f398,0x00000000bf500000)

Card table byte_map: [0x0000000005520000,0x0000000005740000] byte_map_base: 0x0000000004f30000

Polling page: 0x0000000000130000

Code Cache  [0x0000000002520000, 0x0000000002790000, 0x0000000005520000)
 total_blobs=497 nmethods=176 adapters=274 free_code_cache=48274Kb largest_free_block=49244288

Compilation events (10 events):
Event: 352.022 Thread 0x0000000009a67800  354 % !         sun.nio.cs.ISO_8859_1$Encoder::encodeArrayLoop @ 129 (356 bytes)
Event: 352.037 Thread 0x0000000009a67800 nmethod 354% 0x00000000025e1850 code [0x00000000025e1ae0, 0x00000000025e2570]
Event: 352.063 Thread 0x0000000009aad800  355   !         sun.nio.cs.ISO_8859_1$Encoder::encodeArrayLoop (356 bytes)
Event: 352.078 Thread 0x0000000009aad800 nmethod 355 0x000000000261be10 code [0x000000000261c0c0, 0x000000000261ca08]
Event: 352.827 Thread 0x0000000009a67800  356 %           java.util.regex.Matcher::search @ 46 (109 bytes)
Event: 352.832 Thread 0x0000000009a67800 nmethod 356% 0x00000000025e0990 code [0x00000000025e0b00, 0x00000000025e0d48]
Event: 352.833 Thread 0x0000000009aad800  357             java.util.regex.Matcher::search (109 bytes)
Event: 352.838 Thread 0x0000000009aad800 nmethod 357 0x00000000025a2590 code [0x00000000025a26e0, 0x00000000025a2868]
Event: 352.850 Thread 0x0000000009a67800  358             java.util.HashMap::transfer (115 bytes)
Event: 352.856 Thread 0x0000000009a67800 nmethod 358 0x00000000025e3350 code [0x00000000025e34a0, 0x00000000025e3788]

GC Heap History (10 events):
Event: 1.586 GC heap before
{Heap before GC invocations=1 (full 0):
 PSYoungGen      total 18432K, used 15872K [0x00000000ebb00000, 0x00000000ecf80000, 0x0000000100000000)
  eden space 15872K, 100% used [0x00000000ebb00000,0x00000000eca80000,0x00000000eca80000)
  from space 2560K, 0% used [0x00000000ecd00000,0x00000000ecd00000,0x00000000ecf80000)
  to   space 2560K, 0% used [0x00000000eca80000,0x00000000eca80000,0x00000000ecd00000)
 ParOldGen       total 41472K, used 0K [0x00000000c3200000, 0x00000000c5a80000, 0x00000000ebb00000)
  object space 41472K, 0% used [0x00000000c3200000,0x00000000c3200000,0x00000000c5a80000)
 PSPermGen       total 21504K, used 6319K [0x00000000be000000, 0x00000000bf500000, 0x00000000c3200000)
  object space 21504K, 29% used [0x00000000be000000,0x00000000be62bce8,0x00000000bf500000)
Event: 1.594 GC heap after
Heap after GC invocations=1 (full 0):
 PSYoungGen      total 18432K, used 2544K [0x00000000ebb00000, 0x00000000ecf80000, 0x0000000100000000)
  eden space 15872K, 0% used [0x00000000ebb00000,0x00000000ebb00000,0x00000000eca80000)
  from space 2560K, 99% used [0x00000000eca80000,0x00000000eccfc010,0x00000000ecd00000)
  to   space 2560K, 0% used [0x00000000ecd00000,0x00000000ecd00000,0x00000000ecf80000)
 ParOldGen       total 41472K, used 1811K [0x00000000c3200000, 0x00000000c5a80000, 0x00000000ebb00000)
  object space 41472K, 4% used [0x00000000c3200000,0x00000000c33c4dd8,0x00000000c5a80000)
 PSPermGen       total 21504K, used 6319K [0x00000000be000000, 0x00000000bf500000, 0x00000000c3200000)
  object space 21504K, 29% used [0x00000000be000000,0x00000000be62bce8,0x00000000bf500000)
}
Event: 1.945 GC heap before
{Heap before GC invocations=2 (full 0):
 PSYoungGen      total 18432K, used 18416K [0x00000000ebb00000, 0x00000000ecf80000, 0x0000000100000000)
  eden space 15872K, 100% used [0x00000000ebb00000,0x00000000eca80000,0x00000000eca80000)
  from space 2560K, 99% used [0x00000000eca80000,0x00000000eccfc010,0x00000000ecd00000)
  to   space 2560K, 0% used [0x00000000ecd00000,0x00000000ecd00000,0x00000000ecf80000)
 ParOldGen       total 41472K, used 1811K [0x00000000c3200000, 0x00000000c5a80000, 0x00000000ebb00000)
  object space 41472K, 4% used [0x00000000c3200000,0x00000000c33c4dd8,0x00000000c5a80000)
 PSPermGen       total 21504K, used 7911K [0x00000000be000000, 0x00000000bf500000, 0x00000000c3200000)
  object space 21504K, 36% used [0x00000000be000000,0x00000000be7b9ed0,0x00000000bf500000)
Event: 1.956 GC heap after
Heap after GC invocations=2 (full 0):
 PSYoungGen      total 18432K, used 2539K [0x00000000ebb00000, 0x00000000edf00000, 0x0000000100000000)
  eden space 15872K, 0% used [0x00000000ebb00000,0x00000000ebb00000,0x00000000eca80000)
  from space 2560K, 99% used [0x00000000ecd00000,0x00000000ecf7ae60,0x00000000ecf80000)
  to   space 2560K, 0% used [0x00000000eca80000,0x00000000eca80000,0x00000000ecd00000)
 ParOldGen       total 41472K, used 7007K [0x00000000c3200000, 0x00000000c5a80000, 0x00000000ebb00000)
  object space 41472K, 16% used [0x00000000c3200000,0x00000000c38d7df8,0x00000000c5a80000)
 PSPermGen       total 21504K, used 7911K [0x00000000be000000, 0x00000000bf500000, 0x00000000c3200000)
  object space 21504K, 36% used [0x00000000be000000,0x00000000be7b9ed0,0x00000000bf500000)
}
Event: 2.417 GC heap before
{Heap before GC invocations=3 (full 0):
 PSYoungGen      total 18432K, used 18411K [0x00000000ebb00000, 0x00000000edf00000, 0x0000000100000000)
  eden space 15872K, 100% used [0x00000000ebb00000,0x00000000eca80000,0x00000000eca80000)
  from space 2560K, 99% used [0x00000000ecd00000,0x00000000ecf7ae60,0x00000000ecf80000)
  to   space 2560K, 0% used [0x00000000eca80000,0x00000000eca80000,0x00000000ecd00000)
 ParOldGen       total 41472K, used 7007K [0x00000000c3200000, 0x00000000c5a80000, 0x00000000ebb00000)
  object space 41472K, 16% used [0x00000000c3200000,0x00000000c38d7df8,0x00000000c5a80000)
 PSPermGen       total 21504K, used 9466K [0x00000000be000000, 0x00000000bf500000, 0x00000000c3200000)
  object space 21504K, 44% used [0x00000000be000000,0x00000000be93e910,0x00000000bf500000)
Event: 2.434 GC heap after
Heap after GC invocations=3 (full 0):
 PSYoungGen      total 18432K, used 2546K [0x00000000ebb00000, 0x00000000edf00000, 0x0000000100000000)
  eden space 15872K, 0% used [0x00000000ebb00000,0x00000000ebb00000,0x00000000eca80000)
  from space 2560K, 99% used [0x00000000eca80000,0x00000000eccfc8a8,0x00000000ecd00000)
  to   space 2560K, 0% used [0x00000000edc80000,0x00000000edc80000,0x00000000edf00000)
 ParOldGen       total 41472K, used 13289K [0x00000000c3200000, 0x00000000c5a80000, 0x00000000ebb00000)
  object space 41472K, 32% used [0x00000000c3200000,0x00000000c3efa5c0,0x00000000c5a80000)
 PSPermGen       total 21504K, used 9466K [0x00000000be000000, 0x00000000bf500000, 0x00000000c3200000)
  object space 21504K, 44% used [0x00000000be000000,0x00000000be93e910,0x00000000bf500000)
}
Event: 6.979 GC heap before
{Heap before GC invocations=4 (full 0):
 PSYoungGen      total 18432K, used 18418K [0x00000000ebb00000, 0x00000000edf00000, 0x0000000100000000)
  eden space 15872K, 100% used [0x00000000ebb00000,0x00000000eca80000,0x00000000eca80000)
  from space 2560K, 99% used [0x00000000eca80000,0x00000000eccfc8a8,0x00000000ecd00000)
  to   space 2560K, 0% used [0x00000000edc80000,0x00000000edc80000,0x00000000edf00000)
 ParOldGen       total 41472K, used 13289K [0x00000000c3200000, 0x00000000c5a80000, 0x00000000ebb00000)
  object space 41472K, 32% used [0x00000000c3200000,0x00000000c3efa5c0,0x00000000c5a80000)
 PSPermGen       total 21504K, used 10487K [0x00000000be000000, 0x00000000bf500000, 0x00000000c3200000)
  object space 21504K, 48% used [0x00000000be000000,0x00000000bea3df08,0x00000000bf500000)
Event: 6.992 GC heap after
Heap after GC invocations=4 (full 0):
 PSYoungGen      total 34304K, used 2535K [0x00000000ebb00000, 0x00000000edf00000, 0x0000000100000000)
  eden space 31744K, 0% used [0x00000000ebb00000,0x00000000ebb00000,0x00000000eda00000)
  from space 2560K, 99% used [0x00000000edc80000,0x00000000edef9eb0,0x00000000edf00000)
  to   space 2560K, 0% used [0x00000000eda00000,0x00000000eda00000,0x00000000edc80000)
 ParOldGen       total 41472K, used 17715K [0x00000000c3200000, 0x00000000c5a80000, 0x00000000ebb00000)
  object space 41472K, 42% used [0x00000000c3200000,0x00000000c434cf80,0x00000000c5a80000)
 PSPermGen       total 21504K, used 10487K [0x00000000be000000, 0x00000000bf500000, 0x00000000c3200000)
  object space 21504K, 48% used [0x00000000be000000,0x00000000bea3df08,0x00000000bf500000)
}
Event: 234.742 GC heap before
{Heap before GC invocations=5 (full 0):
 PSYoungGen      total 34304K, used 34279K [0x00000000ebb00000, 0x00000000edf00000, 0x0000000100000000)
  eden space 31744K, 100% used [0x00000000ebb00000,0x00000000eda00000,0x00000000eda00000)
  from space 2560K, 99% used [0x00000000edc80000,0x00000000edef9eb0,0x00000000edf00000)
  to   space 2560K, 0% used [0x00000000eda00000,0x00000000eda00000,0x00000000edc80000)
 ParOldGen       total 41472K, used 17715K [0x00000000c3200000, 0x00000000c5a80000, 0x00000000ebb00000)
  object space 41472K, 42% used [0x00000000c3200000,0x00000000c434cf80,0x00000000c5a80000)
 PSPermGen       total 21504K, used 12115K [0x00000000be000000, 0x00000000bf500000, 0x00000000c3200000)
  object space 21504K, 56% used [0x00000000be000000,0x00000000bebd4d48,0x00000000bf500000)
Event: 234.748 GC heap after
Heap after GC invocations=5 (full 0):
 PSYoungGen      total 34304K, used 2535K [0x00000000ebb00000, 0x00000000f0d00000, 0x0000000100000000)
  eden space 31744K, 0% used [0x00000000ebb00000,0x00000000ebb00000,0x00000000eda00000)
  from space 2560K, 99% used [0x00000000eda00000,0x00000000edc79dd8,0x00000000edc80000)
  to   space 10240K, 0% used [0x00000000f0300000,0x00000000f0300000,0x00000000f0d00000)
 ParOldGen       total 41472K, used 18375K [0x00000000c3200000, 0x00000000c5a80000, 0x00000000ebb00000)
  object space 41472K, 44% used [0x00000000c3200000,0x00000000c43f1e58,0x00000000c5a80000)
 PSPermGen       total 21504K, used 12115K [0x00000000be000000, 0x00000000bf500000, 0x00000000c3200000)
  object space 21504K, 56% used [0x00000000be000000,0x00000000bebd4d48,0x00000000bf500000)
}

Deoptimization events (10 events):
Event: 5.680 Thread 0x000000000826e000 Uncommon trap: reason=class_check action=maybe_recompile pc=0x00000000025a5988 method=java.util.Properties$LineReader.readLine()I @ 62
Event: 5.681 Thread 0x000000000826e000 Uncommon trap: reason=class_check action=maybe_recompile pc=0x00000000025a59ac method=java.util.Properties$LineReader.readLine()I @ 402
Event: 5.681 Thread 0x000000000826e000 Uncommon trap: reason=class_check action=maybe_recompile pc=0x00000000025a5988 method=java.util.Properties$LineReader.readLine()I @ 62
Event: 5.682 Thread 0x000000000826e000 Uncommon trap: reason=class_check action=maybe_recompile pc=0x00000000025df86c method=sun.misc.URLClassPath.getLoader(I)Lsun/misc/URLClassPath$Loader; @ 150
Event: 5.682 Thread 0x000000000826e000 Uncommon trap: reason=class_check action=maybe_recompile pc=0x00000000025df86c method=sun.misc.URLClassPath.getLoader(I)Lsun/misc/URLClassPath$Loader; @ 150
Event: 15.536 Thread 0x000000000218f000 Uncommon trap: reason=predicate action=maybe_recompile pc=0x0000000002614614 method=java.util.regex.Pattern$Start.match(Ljava/util/regex/Matcher;ILjava/lang/CharSequence;)Z @ 37
Event: 302.378 Thread 0x000000000b4e3800 Uncommon trap: reason=unreached action=reinterpret pc=0x00000000025f8358 method=java.io.ObjectOutputStream.writeArray(Ljava/lang/Object;Ljava/io/ObjectStreamClass;Z)V @ 97
Event: 352.161 Thread 0x000000000aed2000 Uncommon trap: reason=unreached action=reinterpret pc=0x0000000002612a0c method=org.netbeans.lib.profiler.server.Monitors$ThreadDataTable.getPosIndex(Ljava/lang/Thread;)I @ 29
Event: 352.401 Thread 0x000000000ad2c000 Uncommon trap: reason=bimorphic action=maybe_recompile pc=0x0000000002621ad8 method=java.io.ObjectInputStream$PeekInputStream.read()I @ 23
Event: 352.401 Thread 0x000000000ad2c000 Uncommon trap: reason=bimorphic action=maybe_recompile pc=0x0000000002621ad8 method=java.io.ObjectInputStream$PeekInputStream.read()I @ 23

Internal exceptions (10 events):
Event: 295.331 Thread 0x000000000ad2c000 Threw 0x00000000ec3d2dc8 at C:\re\jdk7u45\229\hotspot\src\share\vm\oops\constantPoolOop.cpp:95
Event: 295.332 Thread 0x000000000ad2c000 Threw 0x00000000ec3d2f88 at C:\re\jdk7u45\229\hotspot\src\share\vm\oops\constantPoolOop.cpp:95
Event: 295.332 Thread 0x000000000ad2c000 Threw 0x00000000ec3d3820 at C:\re\jdk7u45\229\hotspot\src\share\vm\oops\constantPoolOop.cpp:95
Event: 295.332 Thread 0x000000000ad2c000 Threw 0x00000000ec3d39e0 at C:\re\jdk7u45\229\hotspot\src\share\vm\oops\constantPoolOop.cpp:95
Event: 295.332 Thread 0x000000000ad2c000 Threw 0x00000000ec3d5bc8 at C:\re\jdk7u45\229\hotspot\src\share\vm\oops\constantPoolOop.cpp:95
Event: 295.332 Thread 0x000000000ad2c000 Threw 0x00000000ec3d5d88 at C:\re\jdk7u45\229\hotspot\src\share\vm\oops\constantPoolOop.cpp:95
Event: 295.333 Thread 0x000000000ad2c000 Threw 0x00000000ec3d8230 at C:\re\jdk7u45\229\hotspot\src\share\vm\oops\constantPoolOop.cpp:95
Event: 295.333 Thread 0x000000000ad2c000 Threw 0x00000000ec3d83f0 at C:\re\jdk7u45\229\hotspot\src\share\vm\oops\constantPoolOop.cpp:95
Event: 295.333 Thread 0x000000000ad2c000 Threw 0x00000000ec3d93e8 at C:\re\jdk7u45\229\hotspot\src\share\vm\oops\constantPoolOop.cpp:95
Event: 295.333 Thread 0x000000000ad2c000 Threw 0x00000000ec3d95a8 at C:\re\jdk7u45\229\hotspot\src\share\vm\oops\constantPoolOop.cpp:95

Events (10 events):
Event: 352.964 Thread 0x000000000218f000 DEOPT PACKING pc=0x00000000025a30e4 sp=0x000000000233f090
Event: 352.964 Thread 0x000000000218f000 DEOPT UNPACKING pc=0x0000000002558eb9 sp=0x000000000233eda0 mode 0
Event: 353.541 Executing VM operation: ThreadDump
Event: 353.541 Executing VM operation: ThreadDump done
Event: 354.542 Executing VM operation: ThreadDump
Event: 354.542 Executing VM operation: ThreadDump done
Event: 354.546 Executing VM operation: FindDeadlocks
Event: 354.546 Executing VM operation: FindDeadlocks done
Event: 355.020 Executing VM operation: RevokeBias
Event: 355.020 Executing VM operation: RevokeBias done


Dynamic libraries:
0x000000013fd50000 - 0x000000013fd83000 	C:\Windows\system32\java.exe
0x0000000077300000 - 0x00000000774a9000 	C:\Windows\SYSTEM32\ntdll.dll
0x00000000770e0000 - 0x00000000771ff000 	C:\Windows\system32\kernel32.dll
0x000007fefd440000 - 0x000007fefd4ac000 	C:\Windows\system32\KERNELBASE.dll
0x000007fefe640000 - 0x000007fefe71b000 	C:\Windows\system32\ADVAPI32.dll
0x000007feff4d0000 - 0x000007feff56f000 	C:\Windows\system32\msvcrt.dll
0x000007feff570000 - 0x000007feff58f000 	C:\Windows\SYSTEM32\sechost.dll
0x000007fefe720000 - 0x000007fefe84d000 	C:\Windows\system32\RPCRT4.dll
0x0000000077200000 - 0x00000000772fa000 	C:\Windows\system32\USER32.dll
0x000007fefee90000 - 0x000007fefeef7000 	C:\Windows\system32\GDI32.dll
0x000007feff350000 - 0x000007feff35e000 	C:\Windows\system32\LPK.dll
0x000007fefe2c0000 - 0x000007fefe389000 	C:\Windows\system32\USP10.dll
0x000007fefbb40000 - 0x000007fefbd34000 	C:\Windows\WinSxS\amd64_microsoft.windows.common-controls_6595b64144ccf1df_6.0.7601.17514_none_fa396087175ac9ac\COMCTL32.dll
0x000007feff040000 - 0x000007feff0b1000 	C:\Windows\system32\SHLWAPI.dll
0x000007feff300000 - 0x000007feff32e000 	C:\Windows\system32\IMM32.DLL
0x000007fefea30000 - 0x000007fefeb39000 	C:\Windows\system32\MSCTF.dll
0x0000000068e20000 - 0x0000000068ef2000 	C:\Program Files\Java\jre7\bin\msvcr100.dll
0x0000000054860000 - 0x0000000055029000 	C:\Program Files\Java\jre7\bin\server\jvm.dll
0x000007fef1350000 - 0x000007fef1359000 	C:\Windows\system32\WSOCK32.dll
0x000007fefd4e0000 - 0x000007fefd52d000 	C:\Windows\system32\WS2_32.dll
0x000007fefd4d0000 - 0x000007fefd4d8000 	C:\Windows\system32\NSI.dll
0x000007fefa990000 - 0x000007fefa9cb000 	C:\Windows\system32\WINMM.dll
0x00000000774d0000 - 0x00000000774d7000 	C:\Windows\system32\PSAPI.DLL
0x0000000070c20000 - 0x0000000070c2f000 	C:\Program Files\Java\jre7\bin\verify.dll
0x0000000070bf0000 - 0x0000000070c18000 	C:\Program Files\Java\jre7\bin\java.dll
0x000000006fed0000 - 0x000000006fef3000 	C:\Program Files\Java\jre7\bin\instrument.dll
0x000000006f7e0000 - 0x000000006f7f5000 	C:\Program Files\Java\jre7\bin\zip.dll
0x000000006f6c0000 - 0x000000006f6d9000 	C:\Program Files\Java\jre7\bin\net.dll
0x000007fefc9b0000 - 0x000007fefca05000 	C:\Windows\system32\mswsock.dll
0x000007fefc9a0000 - 0x000007fefc9a7000 	C:\Windows\System32\wship6.dll
0x000000006f6a0000 - 0x000000006f6b1000 	C:\Program Files\Java\jre7\bin\nio.dll
0x0000000070470000 - 0x000000007047b000 	C:\Program Files\Java\jre7\bin\management.dll
0x000007fefaf00000 - 0x000007fefaf15000 	C:\Windows\system32\NLAapi.dll
0x000007fef80c0000 - 0x000007fef80d5000 	C:\Windows\system32\napinsp.dll
0x000007fef80a0000 - 0x000007fef80b9000 	C:\Windows\system32\pnrpnsp.dll
0x000007fef8090000 - 0x000007fef80a0000 	C:\Windows\system32\wshbth.dll
0x000007fefc590000 - 0x000007fefc5eb000 	C:\Windows\system32\DNSAPI.dll
0x000007fef8080000 - 0x000007fef808b000 	C:\Windows\System32\winrnr.dll
0x000007fefc6a0000 - 0x000007fefc6a7000 	C:\Windows\System32\wshtcpip.dll
0x000007fef9ba0000 - 0x000007fef9bc7000 	C:\Windows\system32\IPHLPAPI.DLL
0x000007fef9b90000 - 0x000007fef9b9b000 	C:\Windows\system32\WINNSI.DLL
0x000007fef8070000 - 0x000007fef8078000 	C:\Windows\system32\rasadhlp.dll
0x000007fef9a10000 - 0x000007fef9a63000 	C:\Windows\System32\fwpuclnt.dll
0x000007fefcb30000 - 0x000007fefcb47000 	C:\Windows\system32\CRYPTSP.dll
0x000007fefc6e0000 - 0x000007fefc727000 	C:\Windows\system32\rsaenh.dll
0x000007fefd1d0000 - 0x000007fefd1ee000 	C:\Windows\system32\USERENV.dll
0x000007fefd120000 - 0x000007fefd12f000 	C:\Windows\system32\profapi.dll
0x000007fefcfb0000 - 0x000007fefcfbf000 	C:\Windows\system32\CRYPTBASE.dll
0x000007fef9990000 - 0x000007fef99a8000 	C:\Windows\system32\dhcpcsvc.DLL
0x000007fef9970000 - 0x000007fef9981000 	C:\Windows\system32\dhcpcsvc6.DLL
0x000007fefa5a0000 - 0x000007fefa5af000 	C:\Program Files\visualvm_138\profiler\lib\deployed\jdk16\windows-amd64\profilerinterface.dll

VM Arguments:
jvm_args: -javaagent:agent/target/agent-jar-with-dependencies.jar 
java_command: com.dariosimonetti.dissertation.agent.test.Main
Launcher Type: SUN_STANDARD

Environment Variables:
JAVA_HOME=C:\Program Files\Java\jdk1.7.0_45
PATH=C:\Windows\system32;C:\Windows;C:\Windows\System32\Wbem;C:\Windows\System32\WindowsPowerShell\v1.0\;C:\Program Files (x86)\Git\cmd;C:\Program Files (x86)\Git\bin;C:\apache-maven-3.1.1\bin;C:\Program Files\Java\jdk1.7.0_45\bin;C:\Program Files\TortoiseSVN\bin;C:\Program Files (x86)\sbt\\bin;C:\Program Files\nodejs\;C:\Program Files\mongodb-win32-x86_64-2008plus-2.4.9\bin;C:\Program Files\cURL\bin;C:\Program Files\erl5.10.4\bin;C:\Program Files\adt-bundle-windows-x86_64-20140321\sdk\platform-tools;C:\Program Files\apache-ant-1.9.3\bin;C:\Program Files\adt-bundle-windows-x86_64-20140321\sdk\platforms\android-19;C:\Program Files\adt-bundle-windows-x86_64-20140321\sdk\tools;C:\Program Files\ffmpeg-20140513-git-72dcd48-win64-static\bin;C:\Program Files (x86)\gatling-charts-highcharts-1.5.5\bin;C:\Program Files\MySQL\MySQL Server 5.6\bin;C:\Users\satoshi\AppData\Roaming\npm;C:\Users\satoshi\AppData\Local\Gource\cmd
USERNAME=satoshi
OS=Windows_NT
PROCESSOR_IDENTIFIER=Intel64 Family 6 Model 37 Stepping 5, GenuineIntel



---------------  S Y S T E M  ---------------

OS: Windows 7 , 64 bit Build 7601 Service Pack 1

CPU:total 4 (2 cores per cpu, 2 threads per core) family 6 model 37 stepping 5, cmov, cx8, fxsr, mmx, sse, sse2, sse3, ssse3, sse4.1, sse4.2, popcnt, aes, ht, tsc, tscinvbit

Memory: 4k page, physical 3985072k(958208k free), swap 7968280k(2950836k free)

vm_info: Java HotSpot(TM) 64-Bit Server VM (24.45-b08) for windows-amd64 JRE (1.7.0_45-b18), built on Oct  8 2013 05:47:22 by "java_re" with unknown MS VC++:1600

time: Sun Sep 28 10:57:42 2014
elapsed time: 355 seconds

